----Протокол----	Дата: 17.12.2018 10:45:01, понедельник
----Параметры----
-log: file1.txt.log
-out: file1.txt.out
-in: file1.txt

----Исходные данные----
Количество символов: 167
Количество строк: 17
Проигнорировано: 0
0		m{
1		
2		
3		
4		<ti>
5		<ti>
6		
7		<i=cb(i,i)>
8		<ni>
9		<i=ca(i,i)>
10		<ni>
11		<i=cd(i)>
12		<ni>
13		<i=cp(i,i)>
14		<ni>
15		}.
IDTYPE : 1 - VAR, 2- FUNC, 3-PAR, 4-LIT 5-STANDART FUNC
IDDATATYPE : 1 - INT, 2 - STRING
Number	ID	IDDTYPE	IDTYPE	idxfirstLE visibility
0	a_main	1	1	4	       main	0	
1	z_main	2	1	5	       main	@empty@	
2	E1	2	6	7	       main	a = call MaxNum(a, a)	
3	E2	2	8	7	       main	a = call MaxNum(a, a)	
4	ON	2	6	8	       main	 a	
5	E3	2	6	9	       main	a = call MinNum(a, a)	
6	E4	2	8	9	       main	a = call MinNum(a, a)	
7	ON	2	6	10	       main	 a	
8	E5	2	6	11	       main	a= call Strlen(z)	
9	E6	2	8	11	       main	a= call Strlen(z)	
10	ON	2	6	12	       main	 a	
11	E7	2	6	13	       main	a = call PowNum(a,a)	
12	E8	2	8	13	       main	a = call PowNum(a,a)	
13	ON	2	6	14	       main	 a	
: всего лексем 70, синтаксический анализ выполнен без ошибок
