d:\aaaaaaaaaaaaaaa\lp_lab10\debug\lp_lab10.pch
d:\aaaaaaaaaaaaaaa\lp_lab10\debug\vc141.pdb
d:\aaaaaaaaaaaaaaa\lp_lab10\debug\vc141.idb
d:\aaaaaaaaaaaaaaa\lp_lab10\debug\stdafx.obj
d:\aaaaaaaaaaaaaaa\lp_lab10\debug\parm.obj
d:\aaaaaaaaaaaaaaa\lp_lab10\debug\mfst.obj
d:\aaaaaaaaaaaaaaa\lp_lab10\debug\lt.obj
d:\aaaaaaaaaaaaaaa\lp_lab10\debug\lp_lab10.obj
d:\aaaaaaaaaaaaaaa\lp_lab10\debug\log.obj
d:\aaaaaaaaaaaaaaa\lp_lab10\debug\lexanalyz.obj
d:\aaaaaaaaaaaaaaa\lp_lab10\debug\it.obj
d:\aaaaaaaaaaaaaaa\lp_lab10\debug\in.obj
d:\aaaaaaaaaaaaaaa\lp_lab10\debug\greibach.obj
d:\aaaaaaaaaaaaaaa\lp_lab10\debug\fst.obj
d:\aaaaaaaaaaaaaaa\lp_lab10\debug\error.obj
d:\aaaaaaaaaaaaaaa\lp_lab10\debug\codegeneration.obj
d:\aaaaaaaaaaaaaaa\lp_lab10\debug\lp_lab10.exe
d:\aaaaaaaaaaaaaaa\lp_lab10\debug\lp_lab10.tlog\cl.command.1.tlog
d:\aaaaaaaaaaaaaaa\lp_lab10\debug\lp_lab10.tlog\cl.read.1.tlog
d:\aaaaaaaaaaaaaaa\lp_lab10\debug\lp_lab10.tlog\cl.write.1.tlog
d:\aaaaaaaaaaaaaaa\lp_lab10\debug\lp_lab10.tlog\link.command.1.tlog
d:\aaaaaaaaaaaaaaa\lp_lab10\debug\lp_lab10.tlog\link.read.1.tlog
d:\aaaaaaaaaaaaaaa\lp_lab10\debug\lp_lab10.tlog\link.write.1.tlog
