d:\aaaaaaaaaaaaaaa\skv - 2018\debug\skv - 2018.pch
d:\aaaaaaaaaaaaaaa\skv - 2018\debug\vc141.pdb
d:\aaaaaaaaaaaaaaa\skv - 2018\debug\vc141.idb
d:\aaaaaaaaaaaaaaa\skv - 2018\debug\stdafx.obj
d:\aaaaaaaaaaaaaaa\skv - 2018\debug\polish.obj
d:\aaaaaaaaaaaaaaa\skv - 2018\debug\parm.obj
d:\aaaaaaaaaaaaaaa\skv - 2018\debug\mfst.obj
d:\aaaaaaaaaaaaaaa\skv - 2018\debug\lt.obj
d:\aaaaaaaaaaaaaaa\skv - 2018\debug\skv - 2018.obj
d:\aaaaaaaaaaaaaaa\skv - 2018\debug\log.obj
d:\aaaaaaaaaaaaaaa\skv - 2018\debug\lexanalyz.obj
d:\aaaaaaaaaaaaaaa\skv - 2018\debug\it.obj
d:\aaaaaaaaaaaaaaa\skv - 2018\debug\in.obj
d:\aaaaaaaaaaaaaaa\skv - 2018\debug\greibach.obj
d:\aaaaaaaaaaaaaaa\skv - 2018\debug\fst.obj
d:\aaaaaaaaaaaaaaa\skv - 2018\debug\error.obj
d:\aaaaaaaaaaaaaaa\skv - 2018\debug\codegeneration.obj
d:\aaaaaaaaaaaaaaa\skv - 2018\debug\skv - 2018.ilk
d:\aaaaaaaaaaaaaaa\skv - 2018\debug\skv - 2018.exe
d:\aaaaaaaaaaaaaaa\skv - 2018\debug\skv - 2018.pdb
d:\aaaaaaaaaaaaaaa\skv - 2018\debug\skv - 2018.tlog\cl.command.1.tlog
d:\aaaaaaaaaaaaaaa\skv - 2018\debug\skv - 2018.tlog\cl.read.1.tlog
d:\aaaaaaaaaaaaaaa\skv - 2018\debug\skv - 2018.tlog\cl.write.1.tlog
d:\aaaaaaaaaaaaaaa\skv - 2018\debug\skv - 2018.tlog\link.command.1.tlog
d:\aaaaaaaaaaaaaaa\skv - 2018\debug\skv - 2018.tlog\link.read.1.tlog
d:\aaaaaaaaaaaaaaa\skv - 2018\debug\skv - 2018.tlog\link.write.1.tlog
