----Протокол----	Дата: 30.01.2019 20:16:11, среда
----Параметры----
-log: file1.txt.log
-out: file1.txt.out
-in: file1.txt

----Исходные данные----
Количество символов: 474
Количество строк: 42
Проигнорировано: 0
0		tfi(ti,ti)
1		{
2		<ti>
3		<i=ivi>
4		<ri>
5		}
6		tfi(ti)
7		{
8		<ti>
9		<i=l>
10		<ri>
11		}
12		
13		m
14		{
15		<ti,i,i,i,i>
16		<ti,i>
17		<i=l>
18		<i=l>
19		<i=l>
20		<i=l>
21		<i=lviv(l)vi)>
22		<ni>
23		<i=ci(i,l)>
24		<ni>
25		<si>
26		<i=ci(i)>
27		<si>
28		<zi>
29		<zi>
30		<g(iqi)>
31		<[>
32		<si>
33		<]>
34		<h(iqi)>
35		<[>
36		<i=ivl>
37		<ni>
38		<]>
39		}.
IDTYPE : 1 - VAR, 2- FUNC, 3-PAR, 4-LIT 5-STANDART FUNC
IDDATATYPE : 1 - INT, 2 - STRING
Number	ID	IDDTYPE	IDTYPE	idxfirstLE visibility
0	aa	1	2	0	       aa	0	
1	a_aa	1	3	0	       aa	0	
2	b_aa	1	3	0	       aa	0	
3	c_aa	1	1	2	       aa	0	
4	E1	2	6	3	       aa	c = a+b	
5	E2	2	6	4	       aa	return c	
6	bb	2	2	6	       bb	@empty@	
7	y_bb	2	3	6	       bb	@empty@	
8	z_bb	2	1	8	       bb	@empty@	
9	E3	2	6	9	       bb	z = 'SKV-2019'	
10	L1	2	4	9	       bb	'SKV-2019'	
11	E4	2	6	10	       bb	return z	
12	a_main	1	1	15	       main	0	
13	b_main	1	1	15	       main	0	
14	c_main	1	1	15	       main	0	
15	from_main	1	1	15	       main	0	
16	to_main	1	1	15	       main	0	
17	d_main	2	1	16	       main	@empty@	
18	e_main	2	1	16	       main	@empty@	
19	E5	2	6	17	       main	d = 'SKV-2018'	
20	L2	2	4	17	       main	'SKV-2018'	
21	E6	2	6	18	       main	e = 'a less b'	
22	L3	2	4	18	       main	'a less b'	
23	E7	2	6	19	       main	a = 5	
24	L4	1	4	19	       main	5	
25	E8	2	6	20	       main	b = 10	
26	L5	1	4	20	       main	10	
27	E9	2	6	21	       main	  c = 100-b*(10)+a) 	
28	L6	1	4	21	       main	100	
29	L7	1	4	21	       main	10	
30	ON	2	6	22	       main	  c	
31	E10	2	6	23	       main	c= call aa(a,100) 	
32	E11	2	8	23	       main	c= call aa(a,100) 	
33	L8	1	4	23	       main	100	
34	ON	2	6	24	       main	  c	
35	OS	2	6	25	       main	 d	
36	E12	2	6	26	       main	d = call bb(d)	
37	E13	2	8	26	       main	d = call bb(d)	
38	OS	2	6	27	       main	 d	
39	E14	2	6	28	       main	InputNum from	
40	E15	2	6	29	       main	InputNum to	
41	E16	2	6	30	       main	if (a less b)	
42	OS	2	6	32	       main	 e	
43	E17	2	6	34	       main	while (from notequal to)	
44	E18	2	6	36	       main	from = from +1	
45	L9	1	4	36	       main	1	
46	ON	2	6	37	       main	 from	
